<?xml version="1.0" encoding="UTF-8"?>
<testsuite xmlns:xsi="http://www.w3.org/2001/XMLSchema-instance" xsi:noNamespaceSchemaLocation="https://maven.apache.org/surefire/maven-surefire-plugin/xsd/surefire-test-report.xsd" version="3.0.2" name="FullStack.InformaColombia.application.service.CreateTareaServiceTest" time="1.513" tests="4" errors="0" skipped="0" failures="0">
  <properties>
[...]
</properties>
  <testcase name="testCreateTarea_whenUserNotFound_shouldHandleGracefully" classname="FullStack.InformaColombia.application.service.CreateTareaServiceTest" time="1.393"/>
  <testcase name="testCreateTarea_whenDatabaseError_shouldReturnError" classname="FullStack.InformaColombia.application.service.CreateTareaServiceTest" time="0.082"/>
  <testcase name="testCreateTarea_whenCreatorIsAssignee_shouldNotSendNotification" classname="FullStack.InformaColombia.application.service.CreateTareaServiceTest" time="0.006"/>
  <testcase name="testCreateTarea_whenSuccessful_shouldCreateTaskAndNotify" classname="FullStack.InformaColombia.application.service.CreateTareaServiceTest" time="0.006"/>
</testsuite>